
> @nouvelle/ui@0.0.0 storybook /Users/jocelin/Desktop/coding/important/new-new-nouvelle/packages/ui
> storybook dev -p 6006

[1mstorybook v9.1.13[22m[0m
[0m
[32minfo[0m[35m[0m => Serving static files from [36m/Users/jocelin/Desktop/coding/important/new-new-nouvelle/packages/ui/node_modules/@chromatic-com/storybook/assets[39m at [36m/addon-visual-tests-assets[39m
[0m[32minfo[0m[35m[0m => Starting manager..
[0m[32minfo[0m[35m[0m => Starting preview..
[0m[32minfo[0m[35m[0m Using tsconfig paths for react-docgen
[0m[38;2;241;97;140m╭──────────────────────────────────────────────────────────────────────────────────────────╮[39m
[38;2;241;97;140m│[39m                                                                                          [38;2;241;97;140m│[39m
[38;2;241;97;140m│[39m   [38;2;162;224;94mStorybook [1m9.1.13[22m for [1mreact-vite[22m started[39m                                                [38;2;241;97;140m│[39m
[38;2;241;97;140m│[39m   [90m[4m164 ms[24m for manager and [4m767 ms[24m for preview[39m                                              [38;2;241;97;140m│[39m
[38;2;241;97;140m│[39m                                                                                          [38;2;241;97;140m│[39m
[38;2;241;97;140m│[39m    Local:            [36mhttp://localhost:6006/[39m                                              [38;2;241;97;140m│[39m
[38;2;241;97;140m│[39m    On your network:  [36mhttp://192.168.1.41:6006/[39m                                           [38;2;241;97;140m│[39m
[38;2;241;97;140m│[39m                                                                                          [38;2;241;97;140m│[39m
[38;2;241;97;140m│[39m   [38;2;243;173;56mA new version ([1m9.1.15[22m) is available![39m                                                   [38;2;241;97;140m│[39m
[38;2;241;97;140m│[39m                                                                                          [38;2;241;97;140m│[39m
[38;2;241;97;140m│[39m   [90mUpgrade now:[39m [38;2;162;224;94mnpx storybook@latest upgrade[39m                                              [38;2;241;97;140m│[39m
[38;2;241;97;140m│[39m                                                                                          [38;2;241;97;140m│[39m
[38;2;241;97;140m│[39m   [90mRead full changelog:[39m [90m[4mhttps://github.com/storybookjs/storybook/blob/main/CHANGELOG.md[24m[39m   [38;2;241;97;140m│[39m
[38;2;241;97;140m│[39m                                                                                          [38;2;241;97;140m│[39m
[38;2;241;97;140m╰──────────────────────────────────────────────────────────────────────────────────────────╯[39m















[1;1H[0J[2m3:43:28 PM[22m [36m[1m[vite][22m[39m [90m[2m(client)[22m[39m [32mhmr update [39m[2m/src/index.css[22m















[1;1H[0J[2m3:47:56 PM[22m [36m[1m[vite][22m[39m [90m[2m(client)[22m[39m [32mhmr update [39m[2m/src/index.css, /src/components/Sidebar/SidebarItem/SidebarItem.tsx[22m















[1;1H[0J[2m3:48:04 PM[22m [36m[1m[vite][22m[39m [90m[2m(client)[22m[39m [32mhmr update [39m[2m/src/index.css, /src/components/Sidebar/SidebarItem/SidebarItem.tsx[22m [33m(x2)[39m















[1;1H[0J[2m3:48:04 PM[22m [31m[1m[vite][22m[39m [31mInternal server error: /Users/jocelin/Desktop/coding/important/new-new-nouvelle/packages/ui/src/components/Sidebar/SidebarItem/SidebarItem.tsx: Missing initializer in const declaration. (47:76)

[0m [90m 45 |[31m }
 [90m 46 |[31m
[31m[1m>[22m[31m[90m 47 |[31m [36mexport[31m [36mconst[31m [33mSidebarItem[31m [33m=[31m [33mReact[31m[33m.[31mforwardRef[33m<[31m[33mHTMLDivElement[31m[33m,[31m [33mSidebarItemProps[31m[33m>[31m(
 [90m    |[31m                                                                             [31m[1m^[22m[31m
 [90m 48 |[31m   (
 [90m 49 |[31m     {
 [90m 50 |[31m       icon[33m:[31m [33mIcon[31m[33m,[31m[0m[39m
  Plugin: [35mstorybook:react-docgen-plugin[39m
  File: [36m/Users/jocelin/Desktop/coding/important/new-new-nouvelle/packages/ui/src/components/Sidebar/SidebarItem/SidebarItem.tsx[39m:47:76
[33m  45 |  }
  46 |  
  47 |  export const SidebarItem = React.forwardRef<HTMLDivElement, SidebarItemProps>(
     |                                                                              ^
  48 |    (
  49 |      {[39m
      at toParseError (/Users/jocelin/Desktop/coding/important/new-new-nouvelle/packages/ui/node_modules/@babel/parser/src/parse-error.ts:95:45)
      at raise (/Users/jocelin/Desktop/coding/important/new-new-nouvelle/packages/ui/node_modules/@babel/parser/src/tokenizer/index.ts:1503:19)
      at parseVar (/Users/jocelin/Desktop/coding/important/new-new-nouvelle/packages/ui/node_modules/@babel/parser/src/parser/statement.ts:1600:16)
      at parseVarStatement (/Users/jocelin/Desktop/coding/important/new-new-nouvelle/packages/ui/node_modules/@babel/parser/src/parser/statement.ts:1246:10)
      at parseVarStatement (/Users/jocelin/Desktop/coding/important/new-new-nouvelle/packages/ui/node_modules/@babel/parser/src/plugins/typescript/index.ts:3126:33)
      at parseStatementContent (/Users/jocelin/Desktop/coding/important/new-new-nouvelle/packages/ui/node_modules/@babel/parser/src/parser/statement.ts:607:21)
      at parseStatementContent (/Users/jocelin/Desktop/coding/important/new-new-nouvelle/packages/ui/node_modules/@babel/parser/src/plugins/typescript/index.ts:3185:20)
      at parseStatementLike (/Users/jocelin/Desktop/coding/important/new-new-nouvelle/packages/ui/node_modules/@babel/parser/src/parser/statement.ts:477:17)
      at parseStatementListItem (/Users/jocelin/Desktop/coding/important/new-new-nouvelle/packages/ui/node_modules/@babel/parser/src/parser/statement.ts:426:17)
      at parseExportDeclaration (/Users/jocelin/Desktop/coding/important/new-new-nouvelle/packages/ui/node_modules/@babel/parser/src/parser/statement.ts:2630:17)
      at parseExportDeclaration (/Users/jocelin/Desktop/coding/important/new-new-nouvelle/packages/ui/node_modules/@babel/parser/src/plugins/typescript/index.ts:3430:15)
      at maybeParseExportDeclaration (/Users/jocelin/Desktop/coding/important/new-new-nouvelle/packages/ui/node_modules/@babel/parser/src/parser/statement.ts:2546:31)
      at parseExport (/Users/jocelin/Desktop/coding/important/new-new-nouvelle/packages/ui/node_modules/@babel/parser/src/parser/statement.ts:2427:29)
      at parseExport (/Users/jocelin/Desktop/coding/important/new-new-nouvelle/packages/ui/node_modules/@babel/parser/src/plugins/typescript/index.ts:3087:22)
      at parseStatementContent (/Users/jocelin/Desktop/coding/important/new-new-nouvelle/packages/ui/node_modules/@babel/parser/src/parser/statement.ts:644:25)
      at parseStatementContent (/Users/jocelin/Desktop/coding/important/new-new-nouvelle/packages/ui/node_modules/@babel/parser/src/plugins/typescript/index.ts:3185:20)
      at parseStatementLike (/Users/jocelin/Desktop/coding/important/new-new-nouvelle/packages/ui/node_modules/@babel/parser/src/parser/statement.ts:477:17)
      at parseModuleItem (/Users/jocelin/Desktop/coding/important/new-new-nouvelle/packages/ui/node_modules/@babel/parser/src/parser/statement.ts:414:17)
      at parseBlockOrModuleBlockBody (/Users/jocelin/Desktop/coding/important/new-new-nouvelle/packages/ui/node_modules/@babel/parser/src/parser/statement.ts:1438:16)
      at parseBlockBody (/Users/jocelin/Desktop/coding/important/new-new-nouvelle/packages/ui/node_modules/@babel/parser/src/parser/statement.ts:1412:10)
      at parseProgram (/Users/jocelin/Desktop/coding/important/new-new-nouvelle/packages/ui/node_modules/@babel/parser/src/parser/statement.ts:229:10)
      at parseTopLevel (/Users/jocelin/Desktop/coding/important/new-new-nouvelle/packages/ui/node_modules/@babel/parser/src/parser/statement.ts:203:25)
      at parse (/Users/jocelin/Desktop/coding/important/new-new-nouvelle/packages/ui/node_modules/@babel/parser/src/parser/index.ts:93:10)
      at parse (/Users/jocelin/Desktop/coding/important/new-new-nouvelle/packages/ui/node_modules/@babel/parser/src/plugins/typescript/index.ts:4309:20)
      at parse (/Users/jocelin/Desktop/coding/important/new-new-nouvelle/packages/ui/node_modules/@babel/parser/src/index.ts:54:26)
      at parser (/Users/jocelin/Desktop/coding/important/new-new-nouvelle/packages/ui/node_modules/@babel/core/src/parser/index.ts:28:19)
      at parser.next (<anonymous>)
      at parse (/Users/jocelin/Desktop/coding/important/new-new-nouvelle/packages/ui/node_modules/@babel/core/src/parse.ts:35:23)
      at parse.next (<anonymous>)
      at evaluateSync (/Users/jocelin/Desktop/coding/important/new-new-nouvelle/packages/ui/node_modules/gensync/index.js:251:28)
      at sync (/Users/jocelin/Desktop/coding/important/new-new-nouvelle/packages/ui/node_modules/gensync/index.js:89:14)
      at stopHiding - secret - don't use this - v1 (/Users/jocelin/Desktop/coding/important/new-new-nouvelle/packages/ui/node_modules/@babel/core/src/errors/rewrite-stack-trace.ts:99:14)
      at parseSync (/Users/jocelin/Desktop/coding/important/new-new-nouvelle/packages/ui/node_modules/@babel/core/src/parse.ts:65:48)
      at babelParser (file:///Users/jocelin/Desktop/coding/important/new-new-nouvelle/packages/ui/node_modules/react-docgen/dist/babelParser.js:59:17)
      at parse (file:///Users/jocelin/Desktop/coding/important/new-new-nouvelle/packages/ui/node_modules/react-docgen/dist/parse.js:33:17)
      at defaultParse (file:///Users/jocelin/Desktop/coding/important/new-new-nouvelle/packages/ui/node_modules/react-docgen/dist/main.js:26:12)
      at TransformPluginContext.transform (/Users/jocelin/Desktop/coding/important/new-new-nouvelle/packages/ui/node_modules/@storybook/react-vite/dist/preset.js:1:4230)
      at EnvironmentPluginContainer.transform (file:///Users/jocelin/Desktop/coding/important/new-new-nouvelle/packages/ui/node_modules/vite/dist/node/chunks/config.js:30919:51)
      at async loadAndTransform (file:///Users/jocelin/Desktop/coding/important/new-new-nouvelle/packages/ui/node_modules/vite/dist/node/chunks/config.js:26057:26)
      at async viteTransformMiddleware (file:///Users/jocelin/Desktop/coding/important/new-new-nouvelle/packages/ui/node_modules/vite/dist/node/chunks/config.js:27132:20)















[1;1H[0J[2m3:48:17 PM[22m [36m[1m[vite][22m[39m [90m[2m(client)[22m[39m [32mhmr update [39m[2m/src/index.css, /src/components/Sidebar/SidebarItem/SidebarItem.tsx[22m















[1;1H[0J[2m3:48:26 PM[22m [36m[1m[vite][22m[39m [90m[2m(client)[22m[39m [32mhmr update [39m[2m/src/index.css, /src/components/Sidebar/SidebarItem/SidebarItem.tsx[22m [33m(x2)[39m















[1;1H[0J[2m3:48:33 PM[22m [36m[1m[vite][22m[39m [90m[2m(client)[22m[39m [32mhmr update [39m[2m/src/index.css, /src/components/Sidebar/SidebarItem/SidebarItem.tsx[22m [33m(x3)[39m















[1;1H[0J[2m3:48:40 PM[22m [36m[1m[vite][22m[39m [90m[2m(client)[22m[39m [32mhmr update [39m[2m/src/index.css, /src/components/Sidebar/SidebarItem/SidebarItem.tsx[22m [33m(x4)[39m















[1;1H[0J[2m3:48:55 PM[22m [36m[1m[vite][22m[39m [90m[2m(client)[22m[39m [32mhmr update [39m[2m/src/index.css, /src/components/Sidebar/SidebarItem/SidebarItem.tsx[22m [33m(x5)[39m















[1;1H[0J[2m3:50:20 PM[22m [36m[1m[vite][22m[39m [90m[2m(client)[22m[39m [32mhmr update [39m[2m/src/index.css, /src/components/Sidebar/SidebarItem/SidebarItem.tsx[22m [33m(x6)[39m















[1;1H[0J[2m3:51:45 PM[22m [36m[1m[vite][22m[39m [90m[2m(client)[22m[39m [32mhmr update [39m[2m/src/index.css, /src/components/Sidebar/SidebarHeader/SidebarHeader.tsx[22m















[1;1H[0J[2m3:51:52 PM[22m [36m[1m[vite][22m[39m [90m[2m(client)[22m[39m [32mhmr update [39m[2m/src/index.css, /src/components/Sidebar/SidebarHeader/SidebarHeader.tsx[22m [33m(x2)[39m















[1;1H[0J[2m3:52:14 PM[22m [36m[1m[vite][22m[39m [90m[2m(client)[22m[39m [32mhmr update [39m[2m/@id/__x00__virtual:/@storybook/builder-vite/vite-app.js, /src/index.css[22m















[1;1H[0J[2m3:52:45 PM[22m [36m[1m[vite][22m[39m [90m[2m(client)[22m[39m [32mhmr update [39m[2m/src/index.css, /src/components/Sidebar/Sidebar/Sidebar.tsx[22m















[1;1H[0J[2m3:52:49 PM[22m [36m[1m[vite][22m[39m [90m[2m(client)[22m[39m [32mhmr update [39m[2m/src/index.css, /src/components/Sidebar/Sidebar/Sidebar.tsx[22m [33m(x2)[39m















[1;1H[0J[2m3:52:53 PM[22m [36m[1m[vite][22m[39m [90m[2m(client)[22m[39m [32mhmr update [39m[2m/src/index.css, /src/components/Sidebar/Sidebar/Sidebar.tsx[22m [33m(x3)[39m















[1;1H[0J[2m3:55:50 PM[22m [36m[1m[vite][22m[39m [90m[2m(client)[22m[39m [32mhmr update [39m[2m/src/styles/fluid-typography.css, /src/index.css[22m















[1;1H[0J[2m4:09:04 PM[22m [36m[1m[vite][22m[39m [90m[2m(client)[22m[39m [32mhmr update [39m[2m/src/index.css[22m















[1;1H[0J[2m4:10:56 PM[22m [36m[1m[vite][22m[39m [90m[2m(client)[22m[39m [32mhmr update [39m[2m/src/index.css[22m [33m(x2)[39m















[1;1H[0J[2m4:13:39 PM[22m [36m[1m[vite][22m[39m [90m[2m(client)[22m[39m [32mhmr update [39m[2m/src/index.css[22m [33m(x3)[39m















[1;1H[0J[2m4:13:39 PM[22m [31m[1m[vite][22m[39m [31mInternal server error: Can't resolve 'tailwindcss' in '/Users/jocelin/Desktop/coding/important/new-new-nouvelle/packages/ui/src'[39m
  Plugin: [35m@tailwindcss/vite:generate:serve[39m
  File: [36m/Users/jocelin/Desktop/coding/important/new-new-nouvelle/packages/ui/src/index.css[39m
      at finishWithoutResolve (/Users/jocelin/Desktop/coding/important/new-new-nouvelle/packages/ui/node_modules/enhanced-resolve/lib/Resolver.js:565:18)
      at /Users/jocelin/Desktop/coding/important/new-new-nouvelle/packages/ui/node_modules/enhanced-resolve/lib/Resolver.js:657:14
      at /Users/jocelin/Desktop/coding/important/new-new-nouvelle/packages/ui/node_modules/enhanced-resolve/lib/Resolver.js:718:5
      at eval (eval at create (/Users/jocelin/Desktop/coding/important/new-new-nouvelle/packages/ui/node_modules/tapable/lib/HookCodeFactory.js:31:10), <anonymous>:15:1)
      at /Users/jocelin/Desktop/coding/important/new-new-nouvelle/packages/ui/node_modules/enhanced-resolve/lib/Resolver.js:718:5
      at eval (eval at create (/Users/jocelin/Desktop/coding/important/new-new-nouvelle/packages/ui/node_modules/tapable/lib/HookCodeFactory.js:31:10), <anonymous>:27:1)
      at /Users/jocelin/Desktop/coding/important/new-new-nouvelle/packages/ui/node_modules/enhanced-resolve/lib/DescriptionFilePlugin.js:89:43
      at /Users/jocelin/Desktop/coding/important/new-new-nouvelle/packages/ui/node_modules/enhanced-resolve/lib/Resolver.js:718:5
      at eval (eval at create (/Users/jocelin/Desktop/coding/important/new-new-nouvelle/packages/ui/node_modules/tapable/lib/HookCodeFactory.js:31:10), <anonymous>:15:1)
      at /Users/jocelin/Desktop/coding/important/new-new-nouvelle/packages/ui/node_modules/enhanced-resolve/lib/Resolver.js:718:5
      at eval (eval at create (/Users/jocelin/Desktop/coding/important/new-new-nouvelle/packages/ui/node_modules/tapable/lib/HookCodeFactory.js:31:10), <anonymous>:15:1)
      at /Users/jocelin/Desktop/coding/important/new-new-nouvelle/packages/ui/node_modules/enhanced-resolve/lib/Resolver.js:718:5
      at eval (eval at create (/Users/jocelin/Desktop/coding/important/new-new-nouvelle/packages/ui/node_modules/tapable/lib/HookCodeFactory.js:31:10), <anonymous>:42:1)
      at /Users/jocelin/Desktop/coding/important/new-new-nouvelle/packages/ui/node_modules/enhanced-resolve/lib/ConditionalPlugin.js:53:42
      at /Users/jocelin/Desktop/coding/important/new-new-nouvelle/packages/ui/node_modules/enhanced-resolve/lib/Resolver.js:718:5
      at eval (eval at create (/Users/jocelin/Desktop/coding/important/new-new-nouvelle/packages/ui/node_modules/tapable/lib/HookCodeFactory.js:31:10), <anonymous>:16:1)
      at /Users/jocelin/Desktop/coding/important/new-new-nouvelle/packages/ui/node_modules/enhanced-resolve/lib/forEachBail.js:39:13
      at /Users/jocelin/Desktop/coding/important/new-new-nouvelle/packages/ui/node_modules/enhanced-resolve/lib/ModulesInHierarchicalDirectoriesPlugin.js:83:16
      at SyncAsyncFileSystemDecorator.stat (/Users/jocelin/Desktop/coding/important/new-new-nouvelle/packages/ui/node_modules/enhanced-resolve/lib/SyncAsyncFileSystemDecorator.js:66:34)
      at /Users/jocelin/Desktop/coding/important/new-new-nouvelle/packages/ui/node_modules/enhanced-resolve/lib/ModulesInHierarchicalDirectoriesPlugin.js:57:11
      at next (/Users/jocelin/Desktop/coding/important/new-new-nouvelle/packages/ui/node_modules/enhanced-resolve/lib/forEachBail.js:35:3)
      at forEachBail (/Users/jocelin/Desktop/coding/important/new-new-nouvelle/packages/ui/node_modules/enhanced-resolve/lib/forEachBail.js:49:9)
      at /Users/jocelin/Desktop/coding/important/new-new-nouvelle/packages/ui/node_modules/enhanced-resolve/lib/ModulesInHierarchicalDirectoriesPlugin.js:49:6
      at _next0 (eval at create (/Users/jocelin/Desktop/coding/important/new-new-nouvelle/packages/ui/node_modules/tapable/lib/HookCodeFactory.js:31:10), <anonymous>:8:1)
      at eval (eval at create (/Users/jocelin/Desktop/coding/important/new-new-nouvelle/packages/ui/node_modules/tapable/lib/HookCodeFactory.js:31:10), <anonymous>:30:1)
      at /Users/jocelin/Desktop/coding/important/new-new-nouvelle/packages/ui/node_modules/enhanced-resolve/lib/SelfReferencePlugin.js:78:13
      at Hook.eval [as callAsync] (eval at create (/Users/jocelin/Desktop/coding/important/new-new-nouvelle/packages/ui/node_modules/tapable/lib/HookCodeFactory.js:31:10), <anonymous>:22:1)
      at Resolver.doResolve (/Users/jocelin/Desktop/coding/important/new-new-nouvelle/packages/ui/node_modules/enhanced-resolve/lib/Resolver.js:715:16)
      at /Users/jocelin/Desktop/coding/important/new-new-nouvelle/packages/ui/node_modules/enhanced-resolve/lib/ConditionalPlugin.js:42:14
      at Hook.eval [as callAsync] (eval at create (/Users/jocelin/Desktop/coding/important/new-new-nouvelle/packages/ui/node_modules/tapable/lib/HookCodeFactory.js:31:10), <anonymous>:37:1)
      at Resolver.doResolve (/Users/jocelin/Desktop/coding/important/new-new-nouvelle/packages/ui/node_modules/enhanced-resolve/lib/Resolver.js:715:16)
      at /Users/jocelin/Desktop/coding/important/new-new-nouvelle/packages/ui/node_modules/enhanced-resolve/lib/NextPlugin.js:30:14
      at Hook.eval [as callAsync] (eval at create (/Users/jocelin/Desktop/coding/important/new-new-nouvelle/packages/ui/node_modules/tapable/lib/HookCodeFactory.js:31:10), <anonymous>:7:1)
      at Resolver.doResolve (/Users/jocelin/Desktop/coding/important/new-new-nouvelle/packages/ui/node_modules/enhanced-resolve/lib/Resolver.js:715:16)
      at /Users/jocelin/Desktop/coding/important/new-new-nouvelle/packages/ui/node_modules/enhanced-resolve/lib/NextPlugin.js:30:14
      at Hook.eval [as callAsync] (eval at create (/Users/jocelin/Desktop/coding/important/new-new-nouvelle/packages/ui/node_modules/tapable/lib/HookCodeFactory.js:31:10), <anonymous>:7:1)
      at Resolver.doResolve (/Users/jocelin/Desktop/coding/important/new-new-nouvelle/packages/ui/node_modules/enhanced-resolve/lib/Resolver.js:715:16)
      at /Users/jocelin/Desktop/coding/important/new-new-nouvelle/packages/ui/node_modules/enhanced-resolve/lib/DescriptionFilePlugin.js:80:17
      at /Users/jocelin/Desktop/coding/important/new-new-nouvelle/packages/ui/node_modules/enhanced-resolve/lib/DescriptionFileUtils.js:161:24
      at /Users/jocelin/Desktop/coding/important/new-new-nouvelle/packages/ui/node_modules/enhanced-resolve/lib/forEachBail.js:39:13
      at onJson (/Users/jocelin/Desktop/coding/important/new-new-nouvelle/packages/ui/node_modules/enhanced-resolve/lib/DescriptionFileUtils.js:96:6)
      at /Users/jocelin/Desktop/coding/important/new-new-nouvelle/packages/ui/node_modules/enhanced-resolve/lib/DescriptionFileUtils.js:123:7
      at SyncAsyncFileSystemDecorator.readJson (/Users/jocelin/Desktop/coding/important/new-new-nouvelle/packages/ui/node_modules/enhanced-resolve/lib/SyncAsyncFileSystemDecorator.js:204:6)
      at /Users/jocelin/Desktop/coding/important/new-new-nouvelle/packages/ui/node_modules/enhanced-resolve/lib/DescriptionFileUtils.js:104:26
      at next (/Users/jocelin/Desktop/coding/important/new-new-nouvelle/packages/ui/node_modules/enhanced-resolve/lib/forEachBail.js:35:3)
      at forEachBail (/Users/jocelin/Desktop/coding/important/new-new-nouvelle/packages/ui/node_modules/enhanced-resolve/lib/forEachBail.js:49:9)
      at findDescriptionFile (/Users/jocelin/Desktop/coding/important/new-new-nouvelle/packages/ui/node_modules/enhanced-resolve/lib/DescriptionFileUtils.js:70:3)
      at /Users/jocelin/Desktop/coding/important/new-new-nouvelle/packages/ui/node_modules/enhanced-resolve/lib/DescriptionFileUtils.js:167:12
      at /Users/jocelin/Desktop/coding/important/new-new-nouvelle/packages/ui/node_modules/enhanced-resolve/lib/forEachBail.js:39:13
      at /Users/jocelin/Desktop/coding/important/new-new-nouvelle/packages/ui/node_modules/enhanced-resolve/lib/DescriptionFileUtils.js:113:16















[1;1H[0J[2m4:13:39 PM[22m [31m[1m[vite][22m[39m [31mInternal server error: Can't resolve 'tailwindcss' in '/Users/jocelin/Desktop/coding/important/new-new-nouvelle/packages/ui/src'[39m
  Plugin: [35m@tailwindcss/vite:generate:serve[39m
  File: [36m/Users/jocelin/Desktop/coding/important/new-new-nouvelle/packages/ui/src/index.css[39m
      at finishWithoutResolve (/Users/jocelin/Desktop/coding/important/new-new-nouvelle/packages/ui/node_modules/enhanced-resolve/lib/Resolver.js:565:18)
      at /Users/jocelin/Desktop/coding/important/new-new-nouvelle/packages/ui/node_modules/enhanced-resolve/lib/Resolver.js:657:14
      at /Users/jocelin/Desktop/coding/important/new-new-nouvelle/packages/ui/node_modules/enhanced-resolve/lib/Resolver.js:718:5
      at eval (eval at create (/Users/jocelin/Desktop/coding/important/new-new-nouvelle/packages/ui/node_modules/tapable/lib/HookCodeFactory.js:31:10), <anonymous>:15:1)
      at /Users/jocelin/Desktop/coding/important/new-new-nouvelle/packages/ui/node_modules/enhanced-resolve/lib/Resolver.js:718:5
      at eval (eval at create (/Users/jocelin/Desktop/coding/important/new-new-nouvelle/packages/ui/node_modules/tapable/lib/HookCodeFactory.js:31:10), <anonymous>:27:1)
      at /Users/jocelin/Desktop/coding/important/new-new-nouvelle/packages/ui/node_modules/enhanced-resolve/lib/DescriptionFilePlugin.js:89:43
      at /Users/jocelin/Desktop/coding/important/new-new-nouvelle/packages/ui/node_modules/enhanced-resolve/lib/Resolver.js:718:5
      at eval (eval at create (/Users/jocelin/Desktop/coding/important/new-new-nouvelle/packages/ui/node_modules/tapable/lib/HookCodeFactory.js:31:10), <anonymous>:15:1)
      at /Users/jocelin/Desktop/coding/important/new-new-nouvelle/packages/ui/node_modules/enhanced-resolve/lib/Resolver.js:718:5
      at eval (eval at create (/Users/jocelin/Desktop/coding/important/new-new-nouvelle/packages/ui/node_modules/tapable/lib/HookCodeFactory.js:31:10), <anonymous>:15:1)
      at /Users/jocelin/Desktop/coding/important/new-new-nouvelle/packages/ui/node_modules/enhanced-resolve/lib/Resolver.js:718:5
      at eval (eval at create (/Users/jocelin/Desktop/coding/important/new-new-nouvelle/packages/ui/node_modules/tapable/lib/HookCodeFactory.js:31:10), <anonymous>:42:1)
      at /Users/jocelin/Desktop/coding/important/new-new-nouvelle/packages/ui/node_modules/enhanced-resolve/lib/ConditionalPlugin.js:53:42
      at /Users/jocelin/Desktop/coding/important/new-new-nouvelle/packages/ui/node_modules/enhanced-resolve/lib/Resolver.js:718:5
      at eval (eval at create (/Users/jocelin/Desktop/coding/important/new-new-nouvelle/packages/ui/node_modules/tapable/lib/HookCodeFactory.js:31:10), <anonymous>:16:1)
      at /Users/jocelin/Desktop/coding/important/new-new-nouvelle/packages/ui/node_modules/enhanced-resolve/lib/forEachBail.js:39:13
      at /Users/jocelin/Desktop/coding/important/new-new-nouvelle/packages/ui/node_modules/enhanced-resolve/lib/ModulesInHierarchicalDirectoriesPlugin.js:83:16
      at SyncAsyncFileSystemDecorator.stat (/Users/jocelin/Desktop/coding/important/new-new-nouvelle/packages/ui/node_modules/enhanced-resolve/lib/SyncAsyncFileSystemDecorator.js:66:34)
      at /Users/jocelin/Desktop/coding/important/new-new-nouvelle/packages/ui/node_modules/enhanced-resolve/lib/ModulesInHierarchicalDirectoriesPlugin.js:57:11
      at next (/Users/jocelin/Desktop/coding/important/new-new-nouvelle/packages/ui/node_modules/enhanced-resolve/lib/forEachBail.js:35:3)
      at forEachBail (/Users/jocelin/Desktop/coding/important/new-new-nouvelle/packages/ui/node_modules/enhanced-resolve/lib/forEachBail.js:49:9)
      at /Users/jocelin/Desktop/coding/important/new-new-nouvelle/packages/ui/node_modules/enhanced-resolve/lib/ModulesInHierarchicalDirectoriesPlugin.js:49:6
      at _next0 (eval at create (/Users/jocelin/Desktop/coding/important/new-new-nouvelle/packages/ui/node_modules/tapable/lib/HookCodeFactory.js:31:10), <anonymous>:8:1)
      at eval (eval at create (/Users/jocelin/Desktop/coding/important/new-new-nouvelle/packages/ui/node_modules/tapable/lib/HookCodeFactory.js:31:10), <anonymous>:30:1)
      at /Users/jocelin/Desktop/coding/important/new-new-nouvelle/packages/ui/node_modules/enhanced-resolve/lib/SelfReferencePlugin.js:78:13
      at Hook.eval [as callAsync] (eval at create (/Users/jocelin/Desktop/coding/important/new-new-nouvelle/packages/ui/node_modules/tapable/lib/HookCodeFactory.js:31:10), <anonymous>:22:1)
      at Resolver.doResolve (/Users/jocelin/Desktop/coding/important/new-new-nouvelle/packages/ui/node_modules/enhanced-resolve/lib/Resolver.js:715:16)
      at /Users/jocelin/Desktop/coding/important/new-new-nouvelle/packages/ui/node_modules/enhanced-resolve/lib/ConditionalPlugin.js:42:14
      at Hook.eval [as callAsync] (eval at create (/Users/jocelin/Desktop/coding/important/new-new-nouvelle/packages/ui/node_modules/tapable/lib/HookCodeFactory.js:31:10), <anonymous>:37:1)
      at Resolver.doResolve (/Users/jocelin/Desktop/coding/important/new-new-nouvelle/packages/ui/node_modules/enhanced-resolve/lib/Resolver.js:715:16)
      at /Users/jocelin/Desktop/coding/important/new-new-nouvelle/packages/ui/node_modules/enhanced-resolve/lib/NextPlugin.js:30:14
      at Hook.eval [as callAsync] (eval at create (/Users/jocelin/Desktop/coding/important/new-new-nouvelle/packages/ui/node_modules/tapable/lib/HookCodeFactory.js:31:10), <anonymous>:7:1)
      at Resolver.doResolve (/Users/jocelin/Desktop/coding/important/new-new-nouvelle/packages/ui/node_modules/enhanced-resolve/lib/Resolver.js:715:16)
      at /Users/jocelin/Desktop/coding/important/new-new-nouvelle/packages/ui/node_modules/enhanced-resolve/lib/NextPlugin.js:30:14
      at Hook.eval [as callAsync] (eval at create (/Users/jocelin/Desktop/coding/important/new-new-nouvelle/packages/ui/node_modules/tapable/lib/HookCodeFactory.js:31:10), <anonymous>:7:1)
      at Resolver.doResolve (/Users/jocelin/Desktop/coding/important/new-new-nouvelle/packages/ui/node_modules/enhanced-resolve/lib/Resolver.js:715:16)
      at /Users/jocelin/Desktop/coding/important/new-new-nouvelle/packages/ui/node_modules/enhanced-resolve/lib/DescriptionFilePlugin.js:80:17
      at /Users/jocelin/Desktop/coding/important/new-new-nouvelle/packages/ui/node_modules/enhanced-resolve/lib/DescriptionFileUtils.js:161:24
      at /Users/jocelin/Desktop/coding/important/new-new-nouvelle/packages/ui/node_modules/enhanced-resolve/lib/forEachBail.js:39:13
      at onJson (/Users/jocelin/Desktop/coding/important/new-new-nouvelle/packages/ui/node_modules/enhanced-resolve/lib/DescriptionFileUtils.js:96:6)
      at /Users/jocelin/Desktop/coding/important/new-new-nouvelle/packages/ui/node_modules/enhanced-resolve/lib/DescriptionFileUtils.js:123:7
      at SyncAsyncFileSystemDecorator.readJson (/Users/jocelin/Desktop/coding/important/new-new-nouvelle/packages/ui/node_modules/enhanced-resolve/lib/SyncAsyncFileSystemDecorator.js:204:6)
      at /Users/jocelin/Desktop/coding/important/new-new-nouvelle/packages/ui/node_modules/enhanced-resolve/lib/DescriptionFileUtils.js:104:26
      at next (/Users/jocelin/Desktop/coding/important/new-new-nouvelle/packages/ui/node_modules/enhanced-resolve/lib/forEachBail.js:35:3)
      at forEachBail (/Users/jocelin/Desktop/coding/important/new-new-nouvelle/packages/ui/node_modules/enhanced-resolve/lib/forEachBail.js:49:9)
      at findDescriptionFile (/Users/jocelin/Desktop/coding/important/new-new-nouvelle/packages/ui/node_modules/enhanced-resolve/lib/DescriptionFileUtils.js:70:3)
      at /Users/jocelin/Desktop/coding/important/new-new-nouvelle/packages/ui/node_modules/enhanced-resolve/lib/DescriptionFileUtils.js:167:12
      at /Users/jocelin/Desktop/coding/important/new-new-nouvelle/packages/ui/node_modules/enhanced-resolve/lib/forEachBail.js:39:13
      at /Users/jocelin/Desktop/coding/important/new-new-nouvelle/packages/ui/node_modules/enhanced-resolve/lib/DescriptionFileUtils.js:113:16 [33m(x2)[39m
